<?xml version="1.0" encoding="UTF-8"?>
<!-- Generated by org.testng.reporters.JUnitReportReporter -->
<testsuite hostname="LAPTOP-C43ST87V" failures="0" tests="1" name="com.bridgelabz.webelementinterfacemethod.VersionOfLFboginPage" time="4.486" errors="0" timestamp="2022-09-06T12:55:30 IST" skipped="0">
  <testcase classname="com.bridgelabz.webelementinterfacemethod.VersionOfLFboginPage" name="printVersionOfFacebookLoginPage" time="4.486"/>
  <system-out/>
</testsuite> <!-- com.bridgelabz.webelementinterfacemethod.VersionOfLFboginPage -->
