<?xml version="1.0" encoding="UTF-8"?>
<!-- Generated by org.testng.reporters.JUnitReportReporter -->
<testsuite hostname="LAPTOP-C43ST87V" failures="0" tests="1" name="com.bridgelabz.testngpackage.BaseTestNg" time="0.010" errors="0" timestamp="2022-09-11T14:27:19 IST" skipped="0">
  <testcase classname="com.bridgelabz.testngpackage.BaseTestNg" name="beforeMethod" time="0.010"/>
  <system-out>
    <![CDATA[beforeMethod]]>
  </system-out>
</testsuite> <!-- com.bridgelabz.testngpackage.BaseTestNg -->
