<?xml version="1.0" encoding="UTF-8"?>
<!-- Generated by org.testng.reporters.JUnitReportReporter -->
<testsuite hostname="LAPTOP-C43ST87V" failures="0" tests="1" name="com.bridgelabz.handlingpopup.CloseParentWindow" time="7.180" errors="0" timestamp="2022-09-07T14:18:55 IST" skipped="0">
  <testcase classname="com.bridgelabz.handlingpopup.CloseParentWindow" name="closeParentWindow" time="7.180"/>
  <system-out/>
</testsuite> <!-- com.bridgelabz.handlingpopup.CloseParentWindow -->
