<?xml version="1.0" encoding="UTF-8"?>
<!-- Generated by org.testng.reporters.JUnitReportReporter -->
<testsuite hostname="LAPTOP-C43ST87V" failures="0" tests="1" name="com.bridelabz.actionclassdemo.DragAndDropExample" time="7.437" errors="0" timestamp="2022-09-06T14:18:39 IST" skipped="0">
  <testcase classname="com.bridelabz.actionclassdemo.DragAndDropExample" name="verifyDragAndDropExample" time="7.437"/>
  <system-out/>
</testsuite> <!-- com.bridelabz.actionclassdemo.DragAndDropExample -->
