<?xml version="1.0" encoding="UTF-8"?>
<!-- Generated by org.testng.reporters.JUnitReportReporter -->
<testsuite hostname="LAPTOP-C43ST87V" failures="0" tests="1" name="com.bridgelabz.autoit.AutoItFileUpload" time="9.254" errors="0" timestamp="2022-09-26T22:54:49 IST" skipped="0">
  <testcase classname="com.bridgelabz.autoit.AutoItFileUpload" name="fileUploadPopup_Demo" time="9.254"/>
  <system-out/>
</testsuite> <!-- com.bridgelabz.autoit.AutoItFileUpload -->
