<?xml version="1.0" encoding="UTF-8"?>
<!-- Generated by org.testng.reporters.JUnitReportReporter -->
<testsuite hostname="LAPTOP-C43ST87V" failures="0" tests="1" name="com.bridgelabz.windowhandle.ChildBrowserPopup" time="18.520" errors="0" timestamp="2022-09-30T16:45:57 IST" skipped="0">
  <testcase classname="com.bridgelabz.windowhandle.ChildBrowserPopup" name="childBrowserPopup" time="18.520"/>
  <system-out/>
</testsuite> <!-- com.bridgelabz.windowhandle.ChildBrowserPopup -->
