<?xml version="1.0" encoding="UTF-8"?>
<!-- Generated by org.testng.reporters.JUnitReportReporter -->
<testsuite hostname="LAPTOP-C43ST87V" failures="0" tests="1" name="com.bridgelabz.webelementinterfacemethod.TextintoTheFocussedElement" time="4.249" errors="0" timestamp="2022-09-06T08:58:34 IST" skipped="0">
  <testcase classname="com.bridgelabz.webelementinterfacemethod.TextintoTheFocussedElement" name="textintoTheFocussedElement" time="4.249"/>
  <system-out/>
</testsuite> <!-- com.bridgelabz.webelementinterfacemethod.TextintoTheFocussedElement -->
