<?xml version="1.0" encoding="UTF-8"?>
<!-- Generated by org.testng.reporters.JUnitReportReporter -->
<testsuite hostname="LAPTOP-C43ST87V" failures="0" tests="1" name="com.bridgelabz.webtable_exmaple.PrintListValues_SortedOrder" time="2.177" errors="0" timestamp="2022-09-07T15:58:25 IST" skipped="0">
  <testcase classname="com.bridgelabz.webtable_exmaple.PrintListValues_SortedOrder" name="printListValues_SortedOrder" time="2.177"/>
  <system-out/>
</testsuite> <!-- com.bridgelabz.webtable_exmaple.PrintListValues_SortedOrder -->
