<?xml version="1.0" encoding="UTF-8"?>
<!-- Generated by org.testng.reporters.JUnitReportReporter -->
<testsuite hostname="LAPTOP-C43ST87V" failures="0" tests="1" name="com.bridgelabz.downloadfiledemo.VerifyActime_UNandPassword_HeightandWidth" time="3.210" errors="0" timestamp="2022-09-02T20:21:11 IST" skipped="0">
  <testcase classname="com.bridgelabz.downloadfiledemo.VerifyActime_UNandPassword_HeightandWidth" name="verifyActime_UNandPassword_HeightandWidth" time="3.210"/>
  <system-out/>
</testsuite> <!-- com.bridgelabz.downloadfiledemo.VerifyActime_UNandPassword_HeightandWidth -->
