<?xml version="1.0" encoding="UTF-8"?>
<!-- Generated by org.testng.reporters.JUnitReportReporter -->
<testsuite hostname="LAPTOP-C43ST87V" failures="0" tests="1" name="com.bridgelabz.webtable_exmaple.WebtableExample" time="3.235" errors="0" timestamp="2022-09-07T20:31:58 IST" skipped="0">
  <testcase classname="com.bridgelabz.webtable_exmaple.WebtableExample" name="webTable_example" time="3.235"/>
  <system-out/>
</testsuite> <!-- com.bridgelabz.webtable_exmaple.WebtableExample -->
