<?xml version="1.0" encoding="UTF-8"?>
<!-- Generated by org.testng.reporters.JUnitReportReporter -->
<testsuite hostname="LAPTOP-C43ST87V" failures="0" tests="1" name="com.bridgelabz.webelementinterfacemethod.RemoveText_WithoutClear" time="12.483" errors="0" timestamp="2022-09-06T08:48:38 IST" skipped="0">
  <testcase classname="com.bridgelabz.webelementinterfacemethod.RemoveText_WithoutClear" name="removeValuefromText_usingClearMethod" time="12.483"/>
  <system-out/>
</testsuite> <!-- com.bridgelabz.webelementinterfacemethod.RemoveText_WithoutClear -->
