<?xml version="1.0" encoding="UTF-8"?>
<!-- Generated by org.testng.reporters.JUnitReportReporter -->
<testsuite hostname="LAPTOP-C43ST87V" failures="0" tests="1" name="com.bridgelabz.windowhandle.CloseALLChildbrowsersOnly" time="18.157" errors="0" timestamp="2022-09-07T13:00:08 IST" skipped="0">
  <testcase classname="com.bridgelabz.windowhandle.CloseALLChildbrowsersOnly" name="closeALLChildbrowsersOnly" time="18.157"/>
  <system-out/>
</testsuite> <!-- com.bridgelabz.windowhandle.CloseALLChildbrowsersOnly -->
