<?xml version="1.0" encoding="UTF-8"?>
<!-- Generated by org.testng.reporters.JUnitReportReporter -->
<testsuite hostname="LAPTOP-C43ST87V" failures="0" tests="1" name="com.bridgelabz.handlingpopup.CloseAnySpecifiedWindow" time="8.747" errors="0" timestamp="2022-09-07T14:40:56 IST" skipped="0">
  <testcase classname="com.bridgelabz.handlingpopup.CloseAnySpecifiedWindow" name="closeAnySpecifiedWindow" time="8.747"/>
  <system-out/>
</testsuite> <!-- com.bridgelabz.handlingpopup.CloseAnySpecifiedWindow -->
