<?xml version="1.0" encoding="UTF-8"?>
<!-- Generated by org.testng.reporters.JUnitReportReporter -->
<testsuite hostname="LAPTOP-C43ST87V" failures="0" tests="1" name="com.bridgelabz.webelementinterfacemethod.RemoveValuefromText_usingClearMethod" time="10.185" errors="0" timestamp="2022-09-05T23:03:20 IST" skipped="0">
  <testcase classname="com.bridgelabz.webelementinterfacemethod.RemoveValuefromText_usingClearMethod" name="RemoveValuefromText_usingClearMethod" time="10.185"/>
  <system-out/>
</testsuite> <!-- com.bridgelabz.webelementinterfacemethod.RemoveValuefromText_usingClearMethod -->
